[2025-10-23 22:56:18] [INFO ] ArrayCalculatorService - Average value: 5.9
[2025-10-23 23:15:23] [INFO ] ArrayFindService - Min element in array is -10
[2025-10-23 23:15:23] [INFO ] ArrayFindService - Max element in array is 22
[2025-10-23 23:15:23] [INFO ] ArrayFindService - First index of  7 is 3
[2025-10-23 23:15:23] [INFO ] ArrayFindService - Last index of  7 is 7
[2025-10-23 23:15:23] [INFO ] ArrayCalculatorService - Sum of elements: 59
[2025-10-23 23:15:23] [INFO ] ArrayCalculatorService - Average value: 5.9
[2025-10-23 23:15:23] [INFO ] ArrayCalculatorService - Sum of elements: 59
[2025-10-23 23:15:23] [INFO ] ArrayCalculatorService - Positive elements: 8
[2025-10-23 23:15:23] [INFO ] ArrayCalculatorService - Negative elements: 2
[2025-10-23 23:46:55] [INFO ] ArrayFindService - Min element in array is -10
[2025-10-23 23:46:55] [INFO ] ArrayFindService - Max element in array is 22
[2025-10-23 23:46:55] [INFO ] ArrayFindService - First index of  7 is 3
[2025-10-23 23:46:55] [INFO ] ArrayFindService - Last index of  7 is 7
[2025-10-23 23:46:55] [INFO ] ArrayCalculatorService - Sum of elements: 59
[2025-10-23 23:46:55] [INFO ] ArrayCalculatorService - Average value: 5.9
[2025-10-23 23:46:55] [INFO ] ArrayCalculatorService - Sum of elements: 59
[2025-10-23 23:46:55] [INFO ] ArrayCalculatorService - Positive elements: 8
[2025-10-23 23:46:55] [INFO ] ArrayCalculatorService - Negative elements: 2
[2025-10-23 23:46:55] [INFO ] ArrayManipulatorService - Replace element 7 on 25
[2025-10-23 23:46:55] [INFO ] ArrayManipulatorService - Replace element 7 on 25
[2025-10-23 23:46:55] [INFO ] ArrayManipulatorService - Replace element 7 on 25
[2025-10-23 23:48:06] [INFO ] ArrayFindService - Min element in array is -10
[2025-10-23 23:48:06] [INFO ] ArrayFindService - Max element in array is 22
[2025-10-23 23:48:06] [INFO ] ArrayFindService - First index of  7 is 3
[2025-10-23 23:48:06] [INFO ] ArrayFindService - Last index of  7 is 7
[2025-10-23 23:48:06] [INFO ] ArrayCalculatorService - Sum of elements: 59
[2025-10-23 23:48:06] [INFO ] ArrayCalculatorService - Average value: 5.9
[2025-10-23 23:48:06] [INFO ] ArrayCalculatorService - Sum of elements: 59
[2025-10-23 23:48:06] [INFO ] ArrayCalculatorService - Positive elements: 8
[2025-10-23 23:48:06] [INFO ] ArrayCalculatorService - Negative elements: 2
[2025-10-23 23:48:06] [INFO ] ArrayManipulatorService - Replace element 7 (index3) on 25
[2025-10-23 23:48:06] [INFO ] ArrayManipulatorService - Replace element 7 (index6) on 25
[2025-10-23 23:48:06] [INFO ] ArrayManipulatorService - Replace element 7 (index7) on 25
[2025-10-23 23:48:20] [INFO ] ArrayFindService - Min element in array is -10
[2025-10-23 23:48:20] [INFO ] ArrayFindService - Max element in array is 22
[2025-10-23 23:48:20] [INFO ] ArrayFindService - First index of  7 is 3
[2025-10-23 23:48:20] [INFO ] ArrayFindService - Last index of  7 is 7
[2025-10-23 23:48:20] [INFO ] ArrayCalculatorService - Sum of elements: 59
[2025-10-23 23:48:20] [INFO ] ArrayCalculatorService - Average value: 5.9
[2025-10-23 23:48:20] [INFO ] ArrayCalculatorService - Sum of elements: 59
[2025-10-23 23:48:20] [INFO ] ArrayCalculatorService - Positive elements: 8
[2025-10-23 23:48:20] [INFO ] ArrayCalculatorService - Negative elements: 2
[2025-10-23 23:48:20] [INFO ] ArrayManipulatorService - Replace element 7 (index 3) on 25
[2025-10-23 23:48:20] [INFO ] ArrayManipulatorService - Replace element 7 (index 6) on 25
[2025-10-23 23:48:20] [INFO ] ArrayManipulatorService - Replace element 7 (index 7) on 25
[2025-10-23 23:59:57] [INFO ] ArrayFindService - Min element in array is -10
[2025-10-23 23:59:57] [INFO ] ArrayFindService - Max element in array is 22
[2025-10-23 23:59:57] [INFO ] ArrayFindService - First index of  7 is 3
[2025-10-23 23:59:57] [INFO ] ArrayFindService - Last index of  7 is 7
[2025-10-23 23:59:57] [INFO ] ArrayCalculatorService - Sum of elements: 59
[2025-10-23 23:59:57] [INFO ] ArrayCalculatorService - Average value: 5.9
[2025-10-23 23:59:57] [INFO ] ArrayCalculatorService - Sum of elements: 59
[2025-10-23 23:59:57] [INFO ] ArrayCalculatorService - Positive elements: 8
[2025-10-23 23:59:57] [INFO ] ArrayCalculatorService - Negative elements: 2
[2025-10-23 23:59:57] [INFO ] ArrayManipulatorService - Replace element 7 (index 3) on 25
[2025-10-23 23:59:57] [INFO ] ArrayManipulatorService - Replace element 7 (index 6) on 25
[2025-10-23 23:59:57] [INFO ] ArrayManipulatorService - Replace element 7 (index 7) on 25
[2025-10-24 00:00:07] [INFO ] ArrayFindService - Min element in array is -10
[2025-10-24 00:00:07] [INFO ] ArrayFindService - Max element in array is 22
[2025-10-24 00:00:07] [INFO ] ArrayFindService - First index of  7 is 3
[2025-10-24 00:00:07] [INFO ] ArrayFindService - Last index of  7 is 7
[2025-10-24 00:00:07] [INFO ] ArrayCalculatorService - Sum of elements: 59
[2025-10-24 00:00:07] [INFO ] ArrayCalculatorService - Average value: 5.9
[2025-10-24 00:00:07] [INFO ] ArrayCalculatorService - Sum of elements: 59
[2025-10-24 00:00:07] [INFO ] ArrayCalculatorService - Positive elements: 8
[2025-10-24 00:00:07] [INFO ] ArrayCalculatorService - Negative elements: 2
[2025-10-24 00:00:07] [INFO ] ArrayManipulatorService - Replace element 7 (index 3) on 25
[2025-10-24 00:00:07] [INFO ] ArrayManipulatorService - Replace element 7 (index 6) on 25
[2025-10-24 00:00:07] [INFO ] ArrayManipulatorService - Replace element 7 (index 7) on 25
[2025-10-24 00:06:58] [INFO ] ArrayFindService - Min element in array is -10
[2025-10-24 00:06:58] [INFO ] ArrayFindService - Max element in array is 22
[2025-10-24 00:06:58] [INFO ] ArrayFindService - First index of  7 is 3
[2025-10-24 00:06:58] [INFO ] ArrayFindService - Last index of  7 is 7
[2025-10-24 00:06:58] [INFO ] ArrayCalculatorService - Sum of elements: 59
[2025-10-24 00:06:58] [INFO ] ArrayCalculatorService - Average value: 5.9
[2025-10-24 00:06:58] [INFO ] ArrayCalculatorService - Sum of elements: 59
[2025-10-24 00:06:58] [INFO ] ArrayCalculatorService - Positive elements: 8
[2025-10-24 00:06:58] [INFO ] ArrayCalculatorService - Negative elements: 2
[2025-10-24 00:06:58] [INFO ] ArrayManipulatorService - Replace element 7 (index 3) on 25
[2025-10-24 00:06:58] [INFO ] ArrayManipulatorService - Replace element 7 (index 6) on 25
[2025-10-24 00:06:58] [INFO ] ArrayManipulatorService - Replace element 7 (index 7) on 25
[2025-10-24 00:20:54] [INFO ] ArrayFindService - Min element in array is -10
[2025-10-24 00:20:54] [INFO ] ArrayFindService - Max element in array is 22
[2025-10-24 00:20:54] [INFO ] ArrayFindService - First index of  7 is 3
[2025-10-24 00:20:54] [INFO ] ArrayFindService - Last index of  7 is 7
[2025-10-24 00:20:54] [INFO ] ArrayCalculatorService - Sum of elements: 59
[2025-10-24 00:20:54] [INFO ] ArrayCalculatorService - Average value: 5.9
[2025-10-24 00:20:54] [INFO ] ArrayCalculatorService - Sum of elements: 59
[2025-10-24 00:20:54] [INFO ] ArrayCalculatorService - Positive elements: 8
[2025-10-24 00:20:54] [INFO ] ArrayCalculatorService - Negative elements: 2
[2025-10-24 00:20:54] [INFO ] ArrayManipulatorService - Replace element 7 (index 3) on 25
[2025-10-24 00:20:54] [INFO ] ArrayManipulatorService - Replace element 7 (index 6) on 25
[2025-10-24 00:20:54] [INFO ] ArrayManipulatorService - Replace element 7 (index 7) on 25
[2025-10-24 00:34:50] [INFO ] ArrayFindService - Min element in array is -10
[2025-10-24 00:34:50] [INFO ] ArrayFindService - Max element in array is 22
[2025-10-24 00:34:50] [INFO ] ArrayFindService - First index of  7 is 3
[2025-10-24 00:34:50] [INFO ] ArrayFindService - Last index of  7 is 7
[2025-10-24 00:34:50] [INFO ] ArrayCalculatorService - Sum of elements: 59
[2025-10-24 00:34:50] [INFO ] ArrayCalculatorService - Average value: 5.9
[2025-10-24 00:34:50] [INFO ] ArrayCalculatorService - Sum of elements: 59
[2025-10-24 00:34:50] [INFO ] ArrayCalculatorService - Positive elements: 8
[2025-10-24 00:34:50] [INFO ] ArrayCalculatorService - Negative elements: 2
[2025-10-24 00:34:50] [INFO ] ArrayManipulatorService - Replace element 7 (index 3) on 25
[2025-10-24 00:34:50] [INFO ] ArrayManipulatorService - Replace element 7 (index 6) on 25
[2025-10-24 00:34:50] [INFO ] ArrayManipulatorService - Replace element 7 (index 7) on 25
[2025-10-24 04:08:27] [INFO ] ArrayFindService - Min element in array is -10
[2025-10-24 04:08:27] [INFO ] ArrayFindService - Max element in array is 22
[2025-10-24 04:08:27] [INFO ] ArrayFindService - First index of 7 is 3
[2025-10-24 04:08:27] [INFO ] ArrayFindService - Last index of 7 is 7
[2025-10-24 04:08:27] [INFO ] ArrayCalculatorService - Sum of elements: 59
[2025-10-24 04:08:27] [INFO ] ArrayCalculatorService - Average value: 5.9
[2025-10-24 04:08:27] [INFO ] ArrayCalculatorService - Sum of elements: 59
[2025-10-24 04:08:27] [INFO ] ArrayCalculatorService - Positive elements: 8
[2025-10-24 04:08:27] [INFO ] ArrayCalculatorService - Negative elements: 2
[2025-10-24 04:08:27] [INFO ] ArrayManipulatorService - Replace element 7 (index 3) on 25
[2025-10-24 04:08:27] [INFO ] ArrayManipulatorService - Replace element 7 (index 6) on 25
[2025-10-24 04:08:27] [INFO ] ArrayManipulatorService - Replace element 7 (index 7) on 25
[2025-10-24 04:08:27] [INFO ] ArraySorterService - Array sorted using InsertionSort
[2025-10-24 04:12:29] [INFO ] ArrayFindService - Min element in array is -10
[2025-10-24 04:12:29] [INFO ] ArrayFindService - Max element in array is 22
[2025-10-24 04:12:29] [INFO ] ArrayFindService - First index of 7 is 3
[2025-10-24 04:12:29] [INFO ] ArrayFindService - Last index of 7 is 7
[2025-10-24 04:12:29] [INFO ] ArrayCalculatorService - Sum of elements: 59
[2025-10-24 04:12:29] [INFO ] ArrayCalculatorService - Average value: 5.9
[2025-10-24 04:12:29] [INFO ] ArrayCalculatorService - Sum of elements: 59
[2025-10-24 04:12:29] [INFO ] ArrayCalculatorService - Positive elements: 8
[2025-10-24 04:12:29] [INFO ] ArrayCalculatorService - Negative elements: 2
[2025-10-24 04:12:29] [INFO ] ArrayManipulatorService - Replace element 7 (index 3) on 25
[2025-10-24 04:12:29] [INFO ] ArrayManipulatorService - Replace element 7 (index 6) on 25
[2025-10-24 04:12:29] [INFO ] ArrayManipulatorService - Replace element 7 (index 7) on 25
[2025-10-24 04:12:29] [INFO ] ArraySorterService - Array sorted using InsertionSort
[2025-10-24 04:15:20] [INFO ] ArrayFindService - Min element in array is -10
[2025-10-24 04:15:20] [INFO ] ArrayFindService - Max element in array is 22
[2025-10-24 04:15:20] [INFO ] ArrayFindService - First index of 7 is 3
[2025-10-24 04:15:20] [INFO ] ArrayFindService - Last index of 7 is 7
[2025-10-24 04:15:20] [INFO ] ArrayCalculatorService - Sum of elements: 59
[2025-10-24 04:15:20] [INFO ] ArrayCalculatorService - Average value: 5.9
[2025-10-24 04:15:20] [INFO ] ArrayCalculatorService - Sum of elements: 59
[2025-10-24 04:15:20] [INFO ] ArrayCalculatorService - Positive elements: 8
[2025-10-24 04:15:20] [INFO ] ArrayCalculatorService - Negative elements: 2
[2025-10-24 04:15:20] [INFO ] ArrayManipulatorService - Replace element 7 (index 3) on 25
[2025-10-24 04:15:20] [INFO ] ArrayManipulatorService - Replace element 7 (index 6) on 25
[2025-10-24 04:15:20] [INFO ] ArrayManipulatorService - Replace element 7 (index 7) on 25
[2025-10-24 04:15:20] [INFO ] ArraySorterService - Array sorted using SelectionSort
[2025-10-24 04:18:26] [INFO ] ArrayFindService - Min element in array is -10
[2025-10-24 04:18:26] [INFO ] ArrayFindService - Max element in array is 22
[2025-10-24 04:18:26] [INFO ] ArrayFindService - First index of 7 is 3
[2025-10-24 04:18:26] [INFO ] ArrayFindService - Last index of 7 is 7
[2025-10-24 04:18:26] [INFO ] ArrayCalculatorService - Sum of elements: 59
[2025-10-24 04:18:26] [INFO ] ArrayCalculatorService - Average value: 5.9
[2025-10-24 04:18:26] [INFO ] ArrayCalculatorService - Sum of elements: 59
[2025-10-24 04:18:26] [INFO ] ArrayCalculatorService - Positive elements: 8
[2025-10-24 04:18:26] [INFO ] ArrayCalculatorService - Negative elements: 2
[2025-10-24 04:18:26] [INFO ] ArrayManipulatorService - Replace element 7 (index 3) on 25
[2025-10-24 04:18:26] [INFO ] ArrayManipulatorService - Replace element 7 (index 6) on 25
[2025-10-24 04:18:26] [INFO ] ArrayManipulatorService - Replace element 7 (index 7) on 25
[2025-10-24 04:18:26] [INFO ] ArraySorterService - Array sorted using SelectionSort
[2025-10-24 04:18:36] [INFO ] ArrayFindService - Min element in array is -10
[2025-10-24 04:18:36] [INFO ] ArrayFindService - Max element in array is 22
[2025-10-24 04:18:36] [INFO ] ArrayFindService - First index of 7 is 3
[2025-10-24 04:18:36] [INFO ] ArrayFindService - Last index of 7 is 7
[2025-10-24 04:18:36] [INFO ] ArrayCalculatorService - Sum of elements: 59
[2025-10-24 04:18:36] [INFO ] ArrayCalculatorService - Average value: 5.9
[2025-10-24 04:18:36] [INFO ] ArrayCalculatorService - Sum of elements: 59
[2025-10-24 04:18:36] [INFO ] ArrayCalculatorService - Positive elements: 8
[2025-10-24 04:18:36] [INFO ] ArrayCalculatorService - Negative elements: 2
[2025-10-24 04:18:36] [INFO ] ArrayManipulatorService - Replace element 7 (index 3) on 25
[2025-10-24 04:18:36] [INFO ] ArrayManipulatorService - Replace element 7 (index 6) on 25
[2025-10-24 04:18:36] [INFO ] ArrayManipulatorService - Replace element 7 (index 7) on 25
[2025-10-24 04:19:15] [INFO ] ArrayFindService - Min element in array is -10
[2025-10-24 04:19:15] [INFO ] ArrayFindService - Max element in array is 22
[2025-10-24 04:19:15] [INFO ] ArrayFindService - First index of 7 is 3
[2025-10-24 04:19:15] [INFO ] ArrayFindService - Last index of 7 is 7
[2025-10-24 04:19:15] [INFO ] ArrayCalculatorService - Sum of elements: 59
[2025-10-24 04:19:15] [INFO ] ArrayCalculatorService - Average value: 5.9
[2025-10-24 04:19:15] [INFO ] ArrayCalculatorService - Sum of elements: 59
[2025-10-24 04:19:15] [INFO ] ArrayCalculatorService - Positive elements: 8
[2025-10-24 04:19:15] [INFO ] ArrayCalculatorService - Negative elements: 2
[2025-10-24 04:19:15] [INFO ] ArrayManipulatorService - Replace element 7 (index 3) on 25
[2025-10-24 04:19:15] [INFO ] ArrayManipulatorService - Replace element 7 (index 6) on 25
[2025-10-24 04:19:15] [INFO ] ArrayManipulatorService - Replace element 7 (index 7) on 25
[2025-10-24 04:19:15] [INFO ] ArraySorterService - Array sorted using QuickSort
[2025-10-24 12:31:47] [INFO ] ArrayFindService - Min element in array is -10
[2025-10-24 12:31:47] [INFO ] ArrayFindService - Max element in array is 22
[2025-10-24 12:31:47] [INFO ] ArrayFindService - First index of 7 is 3
[2025-10-24 12:31:47] [INFO ] ArrayFindService - Last index of 7 is 7
[2025-10-24 12:31:47] [INFO ] ArrayCalculatorService - Sum of elements: 59
[2025-10-24 12:31:47] [INFO ] ArrayCalculatorService - Average value: 5.9
[2025-10-24 12:31:47] [INFO ] ArrayCalculatorService - Sum of elements: 59
[2025-10-24 12:31:47] [INFO ] ArrayCalculatorService - Positive elements: 8
[2025-10-24 12:31:47] [INFO ] ArrayCalculatorService - Negative elements: 2
[2025-10-24 12:31:47] [INFO ] ArrayManipulatorService - Replace element 7 (index 3) on 25
[2025-10-24 12:31:47] [INFO ] ArrayManipulatorService - Replace element 7 (index 6) on 25
[2025-10-24 12:31:47] [INFO ] ArrayManipulatorService - Replace element 7 (index 7) on 25
[2025-10-24 12:31:47] [INFO ] ArraySorterService - Array sorted using QuickSort
[2025-10-24 17:46:57] [INFO ] ArrayFindService - Min element in array is -10
[2025-10-24 17:46:57] [INFO ] ArrayFindService - Max element in array is 22
[2025-10-24 17:46:57] [INFO ] ArrayFindService - First index of 7 is 3
[2025-10-24 17:46:57] [INFO ] ArrayFindService - Last index of 7 is 7
[2025-10-24 17:46:57] [INFO ] ArrayCalculatorService - Sum of elements: 59
[2025-10-24 17:46:57] [INFO ] ArrayCalculatorService - Average value: 5.9
[2025-10-24 17:46:57] [INFO ] ArrayCalculatorService - Sum of elements: 59
[2025-10-24 17:46:57] [INFO ] ArrayCalculatorService - Positive elements: 8
[2025-10-24 17:46:57] [INFO ] ArrayCalculatorService - Negative elements: 2
[2025-10-24 17:46:57] [INFO ] ArrayManipulatorService - Replace element 7 (index 3) on 25
[2025-10-24 17:46:57] [INFO ] ArrayManipulatorService - Replace element 7 (index 6) on 25
[2025-10-24 17:46:57] [INFO ] ArrayManipulatorService - Replace element 7 (index 7) on 25
[2025-10-24 17:46:57] [INFO ] ArraySorterService - Array sorted using QuickSort
[2025-10-24 17:50:05] [INFO ] ArrayFindService - Min element in array is -10
[2025-10-24 17:50:05] [INFO ] ArrayFindService - Max element in array is 22
[2025-10-24 17:50:05] [INFO ] ArrayFindService - First index of 7 is 3
[2025-10-24 17:50:05] [INFO ] ArrayFindService - Last index of 7 is 7
[2025-10-24 17:50:05] [INFO ] ArrayCalculatorService - Sum of elements: 59
[2025-10-24 17:50:05] [INFO ] ArrayCalculatorService - Average value: 5.9
[2025-10-24 17:50:05] [INFO ] ArrayCalculatorService - Sum of elements: 59
[2025-10-24 17:50:05] [INFO ] ArrayCalculatorService - Positive elements: 8
[2025-10-24 17:50:05] [INFO ] ArrayCalculatorService - Negative elements: 2
[2025-10-24 17:50:05] [INFO ] ArrayManipulatorService - Replace element 7 (index 3) on 25
[2025-10-24 17:50:05] [INFO ] ArrayManipulatorService - Replace element 7 (index 6) on 25
[2025-10-24 17:50:05] [INFO ] ArrayManipulatorService - Replace element 7 (index 7) on 25
[2025-10-24 17:50:05] [INFO ] ArraySorterService - Array sorted using QuickSort
[2025-10-24 18:36:31] [INFO ] LineValidatorService - Line correct
[2025-10-24 18:36:31] [INFO ] FileArrayReaderService - Valid line processed: 1; 2; 3
[2025-10-24 18:36:31] [INFO ] LineValidatorService - Line incorrect
[2025-10-24 18:36:31] [INFO ] FileArrayReaderService - Invalid line skipped: 1; 2; x3; 6..5; 77
[2025-10-24 18:36:31] [INFO ] LineValidatorService - Line is empty
[2025-10-24 18:36:31] [INFO ] FileArrayReaderService - Invalid line skipped: 
[2025-10-24 18:36:31] [INFO ] LineValidatorService - Line correct
[2025-10-24 18:36:31] [INFO ] FileArrayReaderService - Valid line processed: 11; 2
[2025-10-24 18:36:31] [INFO ] ArrayFindService - Min element in array is 1
[2025-10-24 18:36:31] [INFO ] ArrayFindService - Max element in array is 11
[2025-10-24 18:37:20] [INFO ] LineValidatorService - Line correct
[2025-10-24 18:37:20] [INFO ] FileArrayReaderService - Valid line processed: 1; 2; 3
[2025-10-24 18:37:20] [INFO ] LineValidatorService - Line incorrect
[2025-10-24 18:37:20] [INFO ] FileArrayReaderService - Invalid line skipped: 1; 2; x3; 6..5; 77
[2025-10-24 18:37:20] [INFO ] LineValidatorService - Line is empty
[2025-10-24 18:37:20] [INFO ] FileArrayReaderService - Invalid line skipped: 
[2025-10-24 18:37:20] [INFO ] LineValidatorService - Line correct
[2025-10-24 18:37:20] [INFO ] FileArrayReaderService - Valid line processed: 11; 2
[2025-10-24 18:37:20] [INFO ] ArrayFindService - Min element in array is 1
[2025-10-24 18:37:20] [INFO ] ArrayFindService - Max element in array is 11
[2025-10-24 18:37:20] [INFO ] ArrayCalculatorService - Sum of elements: 19
[2025-10-24 18:37:20] [INFO ] ArrayCalculatorService - Average value: 3.8
[2025-10-24 18:37:20] [INFO ] ArrayCalculatorService - Sum of elements: 19
[2025-10-24 18:37:20] [INFO ] ArrayCalculatorService - Positive elements: 5
[2025-10-24 18:37:20] [INFO ] ArrayCalculatorService - Negative elements: 0
[2025-10-24 18:37:20] [INFO ] ArraySorterService - Array sorted using QuickSort
[2025-10-24 18:38:48] [INFO ] LineValidatorService - Line correct
[2025-10-24 18:38:48] [INFO ] FileArrayReaderService - Valid line processed: 1; 2; 3
[2025-10-24 18:38:48] [INFO ] LineValidatorService - Line incorrect
[2025-10-24 18:38:48] [INFO ] FileArrayReaderService - Invalid line skipped: 1; 2; x3; 6..5; 77
[2025-10-24 18:38:48] [INFO ] LineValidatorService - Line is empty
[2025-10-24 18:38:48] [INFO ] FileArrayReaderService - Invalid line skipped: 
[2025-10-24 18:38:48] [INFO ] LineValidatorService - Line correct
[2025-10-24 18:38:48] [INFO ] FileArrayReaderService - Valid line processed: 11; 2
[2025-10-24 18:38:48] [INFO ] LineValidatorService - Line correct
[2025-10-24 18:38:48] [INFO ] FileArrayReaderService - Valid line processed: -2; -15
[2025-10-24 18:38:48] [INFO ] ArrayFindService - Min element in array is 1
[2025-10-24 18:38:48] [INFO ] ArrayFindService - Max element in array is 15
[2025-10-24 18:38:48] [INFO ] ArrayCalculatorService - Sum of elements: 36
[2025-10-24 18:38:48] [INFO ] ArrayCalculatorService - Average value: 5.142857
[2025-10-24 18:38:48] [INFO ] ArrayCalculatorService - Sum of elements: 36
[2025-10-24 18:38:48] [INFO ] ArrayCalculatorService - Positive elements: 7
[2025-10-24 18:38:48] [INFO ] ArrayCalculatorService - Negative elements: 0
[2025-10-24 18:38:48] [INFO ] ArraySorterService - Array sorted using QuickSort
[2025-10-24 18:39:44] [INFO ] LineValidatorService - Line correct
[2025-10-24 18:39:44] [INFO ] FileArrayReaderService - Valid line processed: 1; 2; 3
[2025-10-24 18:39:44] [INFO ] LineValidatorService - Line incorrect
[2025-10-24 18:39:44] [INFO ] FileArrayReaderService - Invalid line skipped: 1; 2; x3; 6..5; 77
[2025-10-24 18:39:44] [INFO ] LineValidatorService - Line is empty
[2025-10-24 18:39:44] [INFO ] FileArrayReaderService - Invalid line skipped: 
[2025-10-24 18:39:44] [INFO ] LineValidatorService - Line correct
[2025-10-24 18:39:44] [INFO ] FileArrayReaderService - Valid line processed: 11; 2
[2025-10-24 18:39:44] [INFO ] LineValidatorService - Line correct
[2025-10-24 18:39:44] [INFO ] FileArrayReaderService - Valid line processed: -2; -15
[2025-10-24 18:39:44] [INFO ] ArrayFindService - Min element in array is -15
[2025-10-24 18:39:44] [INFO ] ArrayFindService - Max element in array is 11
[2025-10-24 18:39:44] [INFO ] ArrayCalculatorService - Sum of elements: 2
[2025-10-24 18:39:44] [INFO ] ArrayCalculatorService - Average value: 0.2857143
[2025-10-24 18:39:44] [INFO ] ArrayCalculatorService - Sum of elements: 2
[2025-10-24 18:39:44] [INFO ] ArrayCalculatorService - Positive elements: 5
[2025-10-24 18:39:44] [INFO ] ArrayCalculatorService - Negative elements: 2
[2025-10-24 18:39:44] [INFO ] ArraySorterService - Array sorted using QuickSort
